INFO - 2022-08-20 00:06:50 --> Controller "App\Controllers\base\Beranda" loaded.
INFO - 2022-08-20 00:34:45 --> Controller "App\Controllers\base\Beranda" loaded.
INFO - 2022-08-20 01:03:51 --> Controller "App\Controllers\base\Beranda" loaded.
INFO - 2022-08-20 01:34:47 --> Controller "App\Controllers\base\Beranda" loaded.
INFO - 2022-08-20 02:04:32 --> Controller "App\Controllers\base\Beranda" loaded.
INFO - 2022-08-20 02:34:02 --> Controller "App\Controllers\base\Beranda" loaded.
INFO - 2022-08-20 02:37:03 --> Controller "App\Controllers\base\Beranda" loaded.
INFO - 2022-08-20 03:03:24 --> Controller "App\Controllers\base\Beranda" loaded.
INFO - 2022-08-20 03:04:21 --> Controller "App\Controllers\base\Beranda" loaded.
INFO - 2022-08-20 03:04:30 --> Controller "App\Controllers\base\Beranda" loaded.
INFO - 2022-08-20 03:33:40 --> Controller "App\Controllers\base\Beranda" loaded.
INFO - 2022-08-20 03:41:52 --> Controller "App\Controllers\base\Beranda" loaded.
INFO - 2022-08-20 04:03:31 --> Controller "App\Controllers\base\Beranda" loaded.
INFO - 2022-08-20 04:06:13 --> Controller "App\Controllers\base\Beranda" loaded.
INFO - 2022-08-20 04:33:19 --> Controller "App\Controllers\base\Beranda" loaded.
INFO - 2022-08-20 05:03:56 --> Controller "App\Controllers\base\Beranda" loaded.
INFO - 2022-08-20 05:33:45 --> Controller "App\Controllers\base\Beranda" loaded.
INFO - 2022-08-20 06:03:36 --> Controller "App\Controllers\base\Beranda" loaded.
INFO - 2022-08-20 06:34:32 --> Controller "App\Controllers\base\Beranda" loaded.
INFO - 2022-08-20 06:42:42 --> Controller "App\Controllers\base\Beranda" loaded.
INFO - 2022-08-20 06:42:52 --> Controller "App\Controllers\base\Beranda" loaded.
INFO - 2022-08-20 07:03:58 --> Controller "App\Controllers\base\Beranda" loaded.
INFO - 2022-08-20 07:33:35 --> Controller "App\Controllers\base\Beranda" loaded.
INFO - 2022-08-20 08:04:51 --> Controller "App\Controllers\base\Beranda" loaded.
INFO - 2022-08-20 08:04:51 --> Controller "App\Controllers\base\Beranda" loaded.
INFO - 2022-08-20 08:04:58 --> Session: Class initialized using 'CodeIgniter\Session\Handlers\FileHandler' driver.
INFO - 2022-08-20 08:04:58 --> Controller "App\Controllers\base\Dashboard" loaded.
INFO - 2022-08-20 08:05:00 --> Session: Class initialized using 'CodeIgniter\Session\Handlers\FileHandler' driver.
INFO - 2022-08-20 08:05:00 --> Controller "App\Controllers\base\Dashboard" loaded.
INFO - 2022-08-20 08:19:36 --> Controller "App\Controllers\base\Beranda" loaded.
INFO - 2022-08-20 08:19:40 --> Controller "App\Controllers\base\Beranda" loaded.
INFO - 2022-08-20 08:24:39 --> Controller "App\Controllers\base\Beranda" loaded.
INFO - 2022-08-20 08:25:03 --> Session: Class initialized using 'CodeIgniter\Session\Handlers\FileHandler' driver.
INFO - 2022-08-20 08:25:03 --> Controller "App\Controllers\base\Dashboard" loaded.
INFO - 2022-08-20 08:25:31 --> Session: Class initialized using 'CodeIgniter\Session\Handlers\FileHandler' driver.
INFO - 2022-08-20 08:25:31 --> Controller "App\Controllers\base\Dashboard" loaded.
INFO - 2022-08-20 08:25:31 --> Session: Class initialized using 'CodeIgniter\Session\Handlers\FileHandler' driver.
INFO - 2022-08-20 08:25:31 --> Controller "App\Controllers\base\Dashboard" loaded.
INFO - 2022-08-20 08:25:44 --> Session: Class initialized using 'CodeIgniter\Session\Handlers\FileHandler' driver.
INFO - 2022-08-20 08:25:44 --> Controller "App\Controllers\base\Dashboard" loaded.
INFO - 2022-08-20 08:26:00 --> Session: Class initialized using 'CodeIgniter\Session\Handlers\FileHandler' driver.
INFO - 2022-08-20 08:26:00 --> Controller "App\Controllers\base\Dashboard" loaded.
INFO - 2022-08-20 08:26:08 --> Session: Class initialized using 'CodeIgniter\Session\Handlers\FileHandler' driver.
INFO - 2022-08-20 08:26:08 --> Controller "App\Controllers\base\Dashboard" loaded.
INFO - 2022-08-20 08:26:24 --> Session: Class initialized using 'CodeIgniter\Session\Handlers\FileHandler' driver.
INFO - 2022-08-20 08:26:24 --> Controller "App\Controllers\base\Dashboard" loaded.
INFO - 2022-08-20 08:26:28 --> Session: Class initialized using 'CodeIgniter\Session\Handlers\FileHandler' driver.
INFO - 2022-08-20 08:26:28 --> Controller "App\Controllers\base\Dashboard" loaded.
INFO - 2022-08-20 08:26:34 --> Controller "App\Controllers\base\Beranda" loaded.
INFO - 2022-08-20 08:27:43 --> Controller "App\Controllers\base\Beranda" loaded.
INFO - 2022-08-20 08:28:45 --> Session: Class initialized using 'CodeIgniter\Session\Handlers\FileHandler' driver.
INFO - 2022-08-20 08:28:45 --> Controller "App\Controllers\base\Dashboard" loaded.
INFO - 2022-08-20 08:29:13 --> Session: Class initialized using 'CodeIgniter\Session\Handlers\FileHandler' driver.
INFO - 2022-08-20 08:29:13 --> Controller "App\Controllers\base\Dashboard" loaded.
INFO - 2022-08-20 08:29:15 --> Session: Class initialized using 'CodeIgniter\Session\Handlers\FileHandler' driver.
INFO - 2022-08-20 08:29:15 --> Controller "App\Controllers\base\Dashboard" loaded.
INFO - 2022-08-20 08:29:18 --> Session: Class initialized using 'CodeIgniter\Session\Handlers\FileHandler' driver.
INFO - 2022-08-20 08:29:18 --> Controller "App\Controllers\base\Dashboard" loaded.
INFO - 2022-08-20 08:29:32 --> Session: Class initialized using 'CodeIgniter\Session\Handlers\FileHandler' driver.
INFO - 2022-08-20 08:29:32 --> Controller "App\Controllers\base\Dashboard" loaded.
INFO - 2022-08-20 08:29:40 --> Controller "App\Controllers\base\Beranda" loaded.
INFO - 2022-08-20 08:30:32 --> Controller "App\Controllers\base\Beranda" loaded.
INFO - 2022-08-20 08:30:33 --> Controller "App\Controllers\base\Beranda" loaded.
INFO - 2022-08-20 08:32:51 --> Controller "App\Controllers\base\Beranda" loaded.
INFO - 2022-08-20 08:34:54 --> Controller "App\Controllers\base\Beranda" loaded.
INFO - 2022-08-20 08:47:05 --> Controller "App\Controllers\base\Beranda" loaded.
INFO - 2022-08-20 08:47:10 --> Controller "App\Controllers\base\Beranda" loaded.
INFO - 2022-08-20 08:49:00 --> Controller "App\Controllers\base\Beranda" loaded.
INFO - 2022-08-20 08:58:39 --> Controller "App\Controllers\base\Beranda" loaded.
INFO - 2022-08-20 08:59:01 --> Session: Class initialized using 'CodeIgniter\Session\Handlers\FileHandler' driver.
INFO - 2022-08-20 08:59:01 --> Controller "App\Controllers\base\Dashboard" loaded.
INFO - 2022-08-20 08:59:18 --> Session: Class initialized using 'CodeIgniter\Session\Handlers\FileHandler' driver.
INFO - 2022-08-20 08:59:18 --> Controller "App\Controllers\base\Dashboard" loaded.
INFO - 2022-08-20 08:59:18 --> Session: Class initialized using 'CodeIgniter\Session\Handlers\FileHandler' driver.
INFO - 2022-08-20 08:59:18 --> Controller "App\Controllers\base\Dashboard" loaded.
INFO - 2022-08-20 08:59:22 --> Session: Class initialized using 'CodeIgniter\Session\Handlers\FileHandler' driver.
INFO - 2022-08-20 08:59:22 --> Controller "App\Controllers\base\Dashboard" loaded.
INFO - 2022-08-20 08:59:30 --> Session: Class initialized using 'CodeIgniter\Session\Handlers\FileHandler' driver.
INFO - 2022-08-20 08:59:30 --> Controller "App\Controllers\base\Dashboard" loaded.
INFO - 2022-08-20 09:00:18 --> Session: Class initialized using 'CodeIgniter\Session\Handlers\FileHandler' driver.
INFO - 2022-08-20 09:00:18 --> Controller "App\Controllers\base\Dashboard" loaded.
INFO - 2022-08-20 09:00:31 --> Session: Class initialized using 'CodeIgniter\Session\Handlers\FileHandler' driver.
INFO - 2022-08-20 09:00:31 --> Controller "App\Controllers\base\Dashboard" loaded.
INFO - 2022-08-20 09:00:43 --> Session: Class initialized using 'CodeIgniter\Session\Handlers\FileHandler' driver.
INFO - 2022-08-20 09:00:43 --> Controller "App\Controllers\base\Dashboard" loaded.
INFO - 2022-08-20 09:00:59 --> Session: Class initialized using 'CodeIgniter\Session\Handlers\FileHandler' driver.
INFO - 2022-08-20 09:00:59 --> Controller "App\Controllers\base\Dashboard" loaded.
INFO - 2022-08-20 09:04:11 --> Controller "App\Controllers\base\Beranda" loaded.
INFO - 2022-08-20 09:33:28 --> Controller "App\Controllers\base\Beranda" loaded.
INFO - 2022-08-20 10:03:59 --> Controller "App\Controllers\base\Beranda" loaded.
INFO - 2022-08-20 10:05:07 --> Session: Class initialized using 'CodeIgniter\Session\Handlers\FileHandler' driver.
INFO - 2022-08-20 10:05:07 --> Session: Class initialized using 'CodeIgniter\Session\Handlers\FileHandler' driver.
INFO - 2022-08-20 10:05:07 --> Controller "App\Controllers\admin\Admin" loaded.
INFO - 2022-08-20 10:05:08 --> Controller "App\Controllers\base\Beranda" loaded.
INFO - 2022-08-20 10:06:04 --> Session: Class initialized using 'CodeIgniter\Session\Handlers\FileHandler' driver.
INFO - 2022-08-20 10:06:04 --> Controller "App\Controllers\base\Dashboard" loaded.
INFO - 2022-08-20 10:06:09 --> Session: Class initialized using 'CodeIgniter\Session\Handlers\FileHandler' driver.
INFO - 2022-08-20 10:06:09 --> Controller "App\Controllers\base\Dashboard" loaded.
INFO - 2022-08-20 10:06:09 --> Session: Class initialized using 'CodeIgniter\Session\Handlers\FileHandler' driver.
INFO - 2022-08-20 10:06:09 --> Controller "App\Controllers\base\Dashboard" loaded.
INFO - 2022-08-20 10:06:09 --> Session: Class initialized using 'CodeIgniter\Session\Handlers\FileHandler' driver.
INFO - 2022-08-20 10:06:09 --> Controller "App\Controllers\base\Dashboard" loaded.
INFO - 2022-08-20 10:06:10 --> Session: Class initialized using 'CodeIgniter\Session\Handlers\FileHandler' driver.
INFO - 2022-08-20 10:06:10 --> Controller "App\Controllers\base\Dashboard" loaded.
INFO - 2022-08-20 10:06:18 --> Session: Class initialized using 'CodeIgniter\Session\Handlers\FileHandler' driver.
INFO - 2022-08-20 10:06:18 --> Controller "App\Controllers\base\Dashboard" loaded.
INFO - 2022-08-20 10:33:48 --> Controller "App\Controllers\base\Beranda" loaded.
INFO - 2022-08-20 10:39:21 --> Controller "App\Controllers\base\Beranda" loaded.
INFO - 2022-08-20 10:39:32 --> Controller "App\Controllers\base\Beranda" loaded.
INFO - 2022-08-20 11:03:36 --> Controller "App\Controllers\base\Beranda" loaded.
INFO - 2022-08-20 11:11:09 --> Controller "App\Controllers\base\Beranda" loaded.
INFO - 2022-08-20 11:12:26 --> Controller "App\Controllers\base\Beranda" loaded.
INFO - 2022-08-20 11:22:54 --> Session: Class initialized using 'CodeIgniter\Session\Handlers\FileHandler' driver.
INFO - 2022-08-20 11:22:54 --> Controller "App\Controllers\base\Dashboard" loaded.
INFO - 2022-08-20 11:22:55 --> Session: Class initialized using 'CodeIgniter\Session\Handlers\FileHandler' driver.
INFO - 2022-08-20 11:22:55 --> Controller "App\Controllers\base\Dashboard" loaded.
INFO - 2022-08-20 11:23:00 --> Session: Class initialized using 'CodeIgniter\Session\Handlers\FileHandler' driver.
INFO - 2022-08-20 11:23:00 --> Controller "App\Controllers\base\Dashboard" loaded.
INFO - 2022-08-20 11:23:00 --> Session: Class initialized using 'CodeIgniter\Session\Handlers\FileHandler' driver.
INFO - 2022-08-20 11:23:00 --> Controller "App\Controllers\base\Dashboard" loaded.
INFO - 2022-08-20 11:23:49 --> Session: Class initialized using 'CodeIgniter\Session\Handlers\FileHandler' driver.
INFO - 2022-08-20 11:23:50 --> Session: Class initialized using 'CodeIgniter\Session\Handlers\FileHandler' driver.
INFO - 2022-08-20 11:23:50 --> Controller "App\Controllers\base\Dashboard" loaded.
INFO - 2022-08-20 11:29:23 --> Controller "App\Controllers\base\Beranda" loaded.
INFO - 2022-08-20 11:29:23 --> Controller "App\Controllers\base\Beranda" loaded.
INFO - 2022-08-20 11:33:37 --> Session: Class initialized using 'CodeIgniter\Session\Handlers\FileHandler' driver.
INFO - 2022-08-20 11:33:37 --> Controller "App\Controllers\base\Dashboard" loaded.
INFO - 2022-08-20 11:33:40 --> Controller "App\Controllers\base\Beranda" loaded.
INFO - 2022-08-20 11:38:48 --> Session: Class initialized using 'CodeIgniter\Session\Handlers\FileHandler' driver.
INFO - 2022-08-20 11:38:48 --> Controller "App\Controllers\base\Dashboard" loaded.
INFO - 2022-08-20 11:47:14 --> Session: Class initialized using 'CodeIgniter\Session\Handlers\FileHandler' driver.
INFO - 2022-08-20 11:47:14 --> Controller "App\Controllers\base\Dashboard" loaded.
INFO - 2022-08-20 11:51:06 --> Session: Class initialized using 'CodeIgniter\Session\Handlers\FileHandler' driver.
INFO - 2022-08-20 11:51:06 --> Controller "App\Controllers\base\Dashboard" loaded.
INFO - 2022-08-20 11:51:21 --> Session: Class initialized using 'CodeIgniter\Session\Handlers\FileHandler' driver.
INFO - 2022-08-20 11:51:21 --> Controller "App\Controllers\base\Dashboard" loaded.
INFO - 2022-08-20 11:51:22 --> Session: Class initialized using 'CodeIgniter\Session\Handlers\FileHandler' driver.
INFO - 2022-08-20 11:51:22 --> Controller "App\Controllers\base\Dashboard" loaded.
INFO - 2022-08-20 11:51:32 --> Session: Class initialized using 'CodeIgniter\Session\Handlers\FileHandler' driver.
INFO - 2022-08-20 11:51:32 --> Controller "App\Controllers\base\Dashboard" loaded.
INFO - 2022-08-20 11:52:09 --> Session: Class initialized using 'CodeIgniter\Session\Handlers\FileHandler' driver.
INFO - 2022-08-20 11:52:09 --> Controller "App\Controllers\base\Dashboard" loaded.
INFO - 2022-08-20 11:56:10 --> Controller "App\Controllers\base\Beranda" loaded.
INFO - 2022-08-20 11:56:20 --> Controller "App\Controllers\base\Beranda" loaded.
INFO - 2022-08-20 12:03:58 --> Controller "App\Controllers\base\Beranda" loaded.
INFO - 2022-08-20 12:33:34 --> Controller "App\Controllers\base\Beranda" loaded.
INFO - 2022-08-20 12:34:53 --> Controller "App\Controllers\base\Beranda" loaded.
INFO - 2022-08-20 12:51:59 --> Session: Class initialized using 'CodeIgniter\Session\Handlers\FileHandler' driver.
INFO - 2022-08-20 12:51:59 --> Controller "App\Controllers\base\Dashboard" loaded.
INFO - 2022-08-20 12:52:09 --> Session: Class initialized using 'CodeIgniter\Session\Handlers\FileHandler' driver.
INFO - 2022-08-20 12:52:09 --> Controller "App\Controllers\base\Dashboard" loaded.
INFO - 2022-08-20 12:52:09 --> Session: Class initialized using 'CodeIgniter\Session\Handlers\FileHandler' driver.
INFO - 2022-08-20 12:52:09 --> Controller "App\Controllers\base\Dashboard" loaded.
INFO - 2022-08-20 12:52:25 --> Session: Class initialized using 'CodeIgniter\Session\Handlers\FileHandler' driver.
INFO - 2022-08-20 12:52:25 --> Controller "App\Controllers\undangan\Undangan" loaded.
INFO - 2022-08-20 12:56:04 --> Session: Class initialized using 'CodeIgniter\Session\Handlers\FileHandler' driver.
INFO - 2022-08-20 12:56:04 --> Controller "App\Controllers\base\Dashboard" loaded.
INFO - 2022-08-20 13:00:17 --> Session: Class initialized using 'CodeIgniter\Session\Handlers\FileHandler' driver.
INFO - 2022-08-20 13:00:17 --> Controller "App\Controllers\base\Dashboard" loaded.
INFO - 2022-08-20 13:00:17 --> Session: Class initialized using 'CodeIgniter\Session\Handlers\FileHandler' driver.
INFO - 2022-08-20 13:00:17 --> Controller "App\Controllers\base\Dashboard" loaded.
INFO - 2022-08-20 13:03:36 --> Session: Class initialized using 'CodeIgniter\Session\Handlers\FileHandler' driver.
INFO - 2022-08-20 13:03:36 --> Controller "App\Controllers\base\Dashboard" loaded.
INFO - 2022-08-20 13:03:46 --> Controller "App\Controllers\base\Beranda" loaded.
INFO - 2022-08-20 13:09:51 --> Session: Class initialized using 'CodeIgniter\Session\Handlers\FileHandler' driver.
INFO - 2022-08-20 13:09:51 --> Controller "App\Controllers\base\Dashboard" loaded.
INFO - 2022-08-20 13:34:21 --> Controller "App\Controllers\base\Beranda" loaded.
INFO - 2022-08-20 13:46:04 --> Session: Class initialized using 'CodeIgniter\Session\Handlers\FileHandler' driver.
INFO - 2022-08-20 13:46:04 --> Controller "App\Controllers\base\Dashboard" loaded.
INFO - 2022-08-20 13:46:13 --> Controller "App\Controllers\base\Beranda" loaded.
INFO - 2022-08-20 13:46:40 --> Controller "App\Controllers\base\Beranda" loaded.
INFO - 2022-08-20 13:47:32 --> Controller "App\Controllers\base\Beranda" loaded.
INFO - 2022-08-20 13:47:33 --> Session: Class initialized using 'CodeIgniter\Session\Handlers\FileHandler' driver.
INFO - 2022-08-20 13:47:33 --> Controller "App\Controllers\base\Dashboard" loaded.
INFO - 2022-08-20 13:47:37 --> Controller "App\Controllers\base\Beranda" loaded.
INFO - 2022-08-20 14:03:50 --> Controller "App\Controllers\base\Beranda" loaded.
INFO - 2022-08-20 14:13:46 --> Session: Class initialized using 'CodeIgniter\Session\Handlers\FileHandler' driver.
INFO - 2022-08-20 14:13:46 --> Controller "App\Controllers\base\Dashboard" loaded.
INFO - 2022-08-20 14:18:19 --> Session: Class initialized using 'CodeIgniter\Session\Handlers\FileHandler' driver.
INFO - 2022-08-20 14:18:19 --> Controller "App\Controllers\base\Dashboard" loaded.
INFO - 2022-08-20 14:18:25 --> Session: Class initialized using 'CodeIgniter\Session\Handlers\FileHandler' driver.
INFO - 2022-08-20 14:18:25 --> Controller "App\Controllers\base\Dashboard" loaded.
INFO - 2022-08-20 14:18:28 --> Session: Class initialized using 'CodeIgniter\Session\Handlers\FileHandler' driver.
INFO - 2022-08-20 14:18:28 --> Controller "App\Controllers\base\Dashboard" loaded.
INFO - 2022-08-20 14:18:51 --> Session: Class initialized using 'CodeIgniter\Session\Handlers\FileHandler' driver.
INFO - 2022-08-20 14:18:51 --> Controller "App\Controllers\base\Dashboard" loaded.
INFO - 2022-08-20 14:18:51 --> Session: Class initialized using 'CodeIgniter\Session\Handlers\FileHandler' driver.
INFO - 2022-08-20 14:18:51 --> Controller "App\Controllers\base\Dashboard" loaded.
INFO - 2022-08-20 14:18:54 --> Controller "App\Controllers\base\Beranda" loaded.
INFO - 2022-08-20 14:19:14 --> Session: Class initialized using 'CodeIgniter\Session\Handlers\FileHandler' driver.
INFO - 2022-08-20 14:19:14 --> Controller "App\Controllers\base\Dashboard" loaded.
INFO - 2022-08-20 14:19:30 --> Session: Class initialized using 'CodeIgniter\Session\Handlers\FileHandler' driver.
INFO - 2022-08-20 14:19:30 --> Controller "App\Controllers\base\Dashboard" loaded.
INFO - 2022-08-20 14:19:31 --> Session: Class initialized using 'CodeIgniter\Session\Handlers\FileHandler' driver.
INFO - 2022-08-20 14:19:31 --> Controller "App\Controllers\base\Dashboard" loaded.
INFO - 2022-08-20 14:19:31 --> Session: Class initialized using 'CodeIgniter\Session\Handlers\FileHandler' driver.
INFO - 2022-08-20 14:19:31 --> Controller "App\Controllers\base\Dashboard" loaded.
INFO - 2022-08-20 14:32:41 --> Session: Class initialized using 'CodeIgniter\Session\Handlers\FileHandler' driver.
INFO - 2022-08-20 14:32:41 --> Controller "App\Controllers\admin\Admin" loaded.
INFO - 2022-08-20 14:32:45 --> Session: Class initialized using 'CodeIgniter\Session\Handlers\FileHandler' driver.
INFO - 2022-08-20 14:32:45 --> Controller "App\Controllers\admin\Admin" loaded.
INFO - 2022-08-20 14:32:46 --> Session: Class initialized using 'CodeIgniter\Session\Handlers\FileHandler' driver.
INFO - 2022-08-20 14:32:46 --> Controller "App\Controllers\admin\Admin" loaded.
INFO - 2022-08-20 14:32:46 --> Session: Class initialized using 'CodeIgniter\Session\Handlers\FileHandler' driver.
INFO - 2022-08-20 14:32:46 --> Controller "App\Controllers\admin\Admin" loaded.
INFO - 2022-08-20 14:32:51 --> Session: Class initialized using 'CodeIgniter\Session\Handlers\FileHandler' driver.
INFO - 2022-08-20 14:32:51 --> Controller "App\Controllers\admin\Admin" loaded.
INFO - 2022-08-20 14:33:03 --> Session: Class initialized using 'CodeIgniter\Session\Handlers\FileHandler' driver.
INFO - 2022-08-20 14:33:03 --> Controller "App\Controllers\admin\Admin" loaded.
INFO - 2022-08-20 14:33:15 --> Session: Class initialized using 'CodeIgniter\Session\Handlers\FileHandler' driver.
INFO - 2022-08-20 14:33:15 --> Controller "App\Controllers\admin\Admin" loaded.
INFO - 2022-08-20 14:33:34 --> Controller "App\Controllers\base\Beranda" loaded.
INFO - 2022-08-20 14:34:06 --> Session: Class initialized using 'CodeIgniter\Session\Handlers\FileHandler' driver.
INFO - 2022-08-20 14:34:06 --> Controller "App\Controllers\admin\Admin" loaded.
INFO - 2022-08-20 14:34:07 --> Session: Class initialized using 'CodeIgniter\Session\Handlers\FileHandler' driver.
INFO - 2022-08-20 14:34:07 --> Controller "App\Controllers\admin\Admin" loaded.
INFO - 2022-08-20 14:34:21 --> Session: Class initialized using 'CodeIgniter\Session\Handlers\FileHandler' driver.
INFO - 2022-08-20 14:34:21 --> Controller "App\Controllers\admin\Admin" loaded.
INFO - 2022-08-20 14:34:22 --> Session: Class initialized using 'CodeIgniter\Session\Handlers\FileHandler' driver.
INFO - 2022-08-20 14:34:22 --> Controller "App\Controllers\admin\Admin" loaded.
INFO - 2022-08-20 14:34:41 --> Session: Class initialized using 'CodeIgniter\Session\Handlers\FileHandler' driver.
INFO - 2022-08-20 14:34:41 --> Controller "App\Controllers\admin\Admin" loaded.
INFO - 2022-08-20 14:34:41 --> Session: Class initialized using 'CodeIgniter\Session\Handlers\FileHandler' driver.
INFO - 2022-08-20 14:34:41 --> Controller "App\Controllers\admin\Admin" loaded.
INFO - 2022-08-20 14:34:45 --> Session: Class initialized using 'CodeIgniter\Session\Handlers\FileHandler' driver.
INFO - 2022-08-20 14:34:45 --> Controller "App\Controllers\admin\Admin" loaded.
INFO - 2022-08-20 14:34:52 --> Session: Class initialized using 'CodeIgniter\Session\Handlers\FileHandler' driver.
INFO - 2022-08-20 14:34:52 --> Controller "App\Controllers\admin\Admin" loaded.
INFO - 2022-08-20 14:35:56 --> Session: Class initialized using 'CodeIgniter\Session\Handlers\FileHandler' driver.
INFO - 2022-08-20 14:35:56 --> Controller "App\Controllers\admin\Admin" loaded.
INFO - 2022-08-20 14:36:05 --> Controller "App\Controllers\base\Beranda" loaded.
INFO - 2022-08-20 14:36:34 --> Session: Class initialized using 'CodeIgniter\Session\Handlers\FileHandler' driver.
INFO - 2022-08-20 14:36:34 --> Controller "App\Controllers\admin\Admin" loaded.
INFO - 2022-08-20 14:36:35 --> Session: Class initialized using 'CodeIgniter\Session\Handlers\FileHandler' driver.
INFO - 2022-08-20 14:36:35 --> Controller "App\Controllers\admin\Admin" loaded.
INFO - 2022-08-20 14:36:35 --> Session: Class initialized using 'CodeIgniter\Session\Handlers\FileHandler' driver.
INFO - 2022-08-20 14:36:35 --> Controller "App\Controllers\admin\Admin" loaded.
INFO - 2022-08-20 14:36:36 --> Session: Class initialized using 'CodeIgniter\Session\Handlers\FileHandler' driver.
INFO - 2022-08-20 14:36:36 --> Controller "App\Controllers\admin\Admin" loaded.
INFO - 2022-08-20 14:36:41 --> Session: Class initialized using 'CodeIgniter\Session\Handlers\FileHandler' driver.
INFO - 2022-08-20 14:36:41 --> Controller "App\Controllers\admin\Admin" loaded.
INFO - 2022-08-20 14:36:45 --> Session: Class initialized using 'CodeIgniter\Session\Handlers\FileHandler' driver.
INFO - 2022-08-20 14:36:45 --> Controller "App\Controllers\admin\Admin" loaded.
INFO - 2022-08-20 14:36:53 --> Session: Class initialized using 'CodeIgniter\Session\Handlers\FileHandler' driver.
INFO - 2022-08-20 14:36:53 --> Controller "App\Controllers\admin\Admin" loaded.
INFO - 2022-08-20 14:37:23 --> Session: Class initialized using 'CodeIgniter\Session\Handlers\FileHandler' driver.
INFO - 2022-08-20 14:37:23 --> Controller "App\Controllers\admin\Admin" loaded.
INFO - 2022-08-20 14:37:40 --> Session: Class initialized using 'CodeIgniter\Session\Handlers\FileHandler' driver.
INFO - 2022-08-20 14:37:40 --> Controller "App\Controllers\admin\Admin" loaded.
INFO - 2022-08-20 14:38:44 --> Session: Class initialized using 'CodeIgniter\Session\Handlers\FileHandler' driver.
INFO - 2022-08-20 14:38:44 --> Controller "App\Controllers\admin\Admin" loaded.
INFO - 2022-08-20 14:38:45 --> Session: Class initialized using 'CodeIgniter\Session\Handlers\FileHandler' driver.
INFO - 2022-08-20 14:38:45 --> Controller "App\Controllers\admin\Admin" loaded.
INFO - 2022-08-20 14:38:52 --> Controller "App\Controllers\base\Beranda" loaded.
INFO - 2022-08-20 15:00:22 --> Controller "App\Controllers\base\Beranda" loaded.
INFO - 2022-08-20 15:00:31 --> Controller "App\Controllers\base\Beranda" loaded.
INFO - 2022-08-20 15:03:25 --> Controller "App\Controllers\base\Beranda" loaded.
INFO - 2022-08-20 15:33:27 --> Controller "App\Controllers\base\Beranda" loaded.
INFO - 2022-08-20 15:58:52 --> Controller "App\Controllers\base\Beranda" loaded.
INFO - 2022-08-20 16:03:26 --> Controller "App\Controllers\base\Beranda" loaded.
INFO - 2022-08-20 16:33:34 --> Controller "App\Controllers\base\Beranda" loaded.
INFO - 2022-08-20 16:37:15 --> Session: Class initialized using 'CodeIgniter\Session\Handlers\FileHandler' driver.
INFO - 2022-08-20 16:37:16 --> Session: Class initialized using 'CodeIgniter\Session\Handlers\FileHandler' driver.
INFO - 2022-08-20 16:37:16 --> Controller "App\Controllers\base\Dashboard" loaded.
INFO - 2022-08-20 16:55:44 --> Controller "App\Controllers\base\Beranda" loaded.
INFO - 2022-08-20 16:56:06 --> Session: Class initialized using 'CodeIgniter\Session\Handlers\FileHandler' driver.
INFO - 2022-08-20 16:56:06 --> Controller "App\Controllers\base\Dashboard" loaded.
INFO - 2022-08-20 17:04:22 --> Controller "App\Controllers\base\Beranda" loaded.
INFO - 2022-08-20 17:33:37 --> Controller "App\Controllers\base\Beranda" loaded.
INFO - 2022-08-20 17:55:43 --> Controller "App\Controllers\base\Beranda" loaded.
INFO - 2022-08-20 17:55:52 --> Controller "App\Controllers\base\Beranda" loaded.
INFO - 2022-08-20 18:03:34 --> Controller "App\Controllers\base\Beranda" loaded.
INFO - 2022-08-20 18:06:14 --> Controller "App\Controllers\base\Beranda" loaded.
INFO - 2022-08-20 18:33:23 --> Controller "App\Controllers\base\Beranda" loaded.
INFO - 2022-08-20 18:37:19 --> Session: Class initialized using 'CodeIgniter\Session\Handlers\FileHandler' driver.
INFO - 2022-08-20 18:37:19 --> Controller "App\Controllers\base\Dashboard" loaded.
INFO - 2022-08-20 18:39:41 --> Controller "App\Controllers\base\Beranda" loaded.
INFO - 2022-08-20 18:44:06 --> Session: Class initialized using 'CodeIgniter\Session\Handlers\FileHandler' driver.
INFO - 2022-08-20 18:44:06 --> Controller "App\Controllers\admin\Admin" loaded.
INFO - 2022-08-20 18:50:15 --> Session: Class initialized using 'CodeIgniter\Session\Handlers\FileHandler' driver.
INFO - 2022-08-20 18:50:15 --> Controller "App\Controllers\admin\Admin" loaded.
INFO - 2022-08-20 19:03:27 --> Controller "App\Controllers\base\Beranda" loaded.
INFO - 2022-08-20 19:10:43 --> Controller "App\Controllers\base\Beranda" loaded.
INFO - 2022-08-20 19:33:25 --> Controller "App\Controllers\base\Beranda" loaded.
INFO - 2022-08-20 20:03:30 --> Controller "App\Controllers\base\Beranda" loaded.
INFO - 2022-08-20 20:33:18 --> Controller "App\Controllers\base\Beranda" loaded.
INFO - 2022-08-20 21:00:41 --> Controller "App\Controllers\base\Beranda" loaded.
INFO - 2022-08-20 21:00:50 --> Controller "App\Controllers\base\Beranda" loaded.
INFO - 2022-08-20 21:02:38 --> Controller "App\Controllers\base\Beranda" loaded.
INFO - 2022-08-20 21:03:34 --> Controller "App\Controllers\base\Beranda" loaded.
INFO - 2022-08-20 21:11:16 --> Controller "App\Controllers\base\Beranda" loaded.
INFO - 2022-08-20 21:33:26 --> Controller "App\Controllers\base\Beranda" loaded.
INFO - 2022-08-20 22:04:00 --> Controller "App\Controllers\base\Beranda" loaded.
INFO - 2022-08-20 22:33:17 --> Controller "App\Controllers\base\Beranda" loaded.
INFO - 2022-08-20 22:33:31 --> Controller "App\Controllers\base\Beranda" loaded.
INFO - 2022-08-20 22:40:14 --> Session: Class initialized using 'CodeIgniter\Session\Handlers\FileHandler' driver.
INFO - 2022-08-20 22:40:14 --> Controller "App\Controllers\admin\Admin" loaded.
INFO - 2022-08-20 22:40:28 --> Session: Class initialized using 'CodeIgniter\Session\Handlers\FileHandler' driver.
INFO - 2022-08-20 22:40:28 --> Session: Class initialized using 'CodeIgniter\Session\Handlers\FileHandler' driver.
INFO - 2022-08-20 22:40:28 --> Controller "App\Controllers\admin\Admin" loaded.
INFO - 2022-08-20 22:40:39 --> Session: Class initialized using 'CodeIgniter\Session\Handlers\FileHandler' driver.
INFO - 2022-08-20 22:40:39 --> Controller "App\Controllers\admin\Admin" loaded.
INFO - 2022-08-20 22:40:39 --> Session: Class initialized using 'CodeIgniter\Session\Handlers\FileHandler' driver.
INFO - 2022-08-20 22:40:39 --> Controller "App\Controllers\admin\Admin" loaded.
INFO - 2022-08-20 22:40:59 --> Session: Class initialized using 'CodeIgniter\Session\Handlers\FileHandler' driver.
INFO - 2022-08-20 22:40:59 --> Controller "App\Controllers\admin\Admin" loaded.
INFO - 2022-08-20 22:41:12 --> Session: Class initialized using 'CodeIgniter\Session\Handlers\FileHandler' driver.
INFO - 2022-08-20 22:41:12 --> Controller "App\Controllers\admin\Admin" loaded.
INFO - 2022-08-20 22:41:38 --> Session: Class initialized using 'CodeIgniter\Session\Handlers\FileHandler' driver.
INFO - 2022-08-20 22:41:38 --> Controller "App\Controllers\admin\Admin" loaded.
INFO - 2022-08-20 22:41:38 --> Session: Class initialized using 'CodeIgniter\Session\Handlers\FileHandler' driver.
INFO - 2022-08-20 22:41:38 --> Controller "App\Controllers\admin\Admin" loaded.
INFO - 2022-08-20 23:03:34 --> Controller "App\Controllers\base\Beranda" loaded.
INFO - 2022-08-20 23:10:46 --> Controller "App\Controllers\base\Beranda" loaded.
INFO - 2022-08-20 23:10:46 --> Controller "App\Controllers\base\Beranda" loaded.
INFO - 2022-08-20 23:19:38 --> Controller "App\Controllers\base\Beranda" loaded.
INFO - 2022-08-20 23:28:43 --> Controller "App\Controllers\base\Beranda" loaded.
INFO - 2022-08-20 23:28:43 --> Controller "App\Controllers\base\Beranda" loaded.
INFO - 2022-08-20 23:28:44 --> Controller "App\Controllers\base\Beranda" loaded.
INFO - 2022-08-20 23:28:47 --> Controller "App\Controllers\base\Beranda" loaded.
INFO - 2022-08-20 23:28:47 --> Controller "App\Controllers\base\Beranda" loaded.
INFO - 2022-08-20 23:28:47 --> Controller "App\Controllers\base\Beranda" loaded.
INFO - 2022-08-20 23:33:12 --> Controller "App\Controllers\base\Beranda" loaded.
INFO - 2022-08-20 23:33:43 --> Controller "App\Controllers\base\Beranda" loaded.
INFO - 2022-08-20 23:37:04 --> Controller "App\Controllers\base\Beranda" loaded.
INFO - 2022-08-20 23:58:05 --> Controller "App\Controllers\base\Beranda" loaded.
INFO - 2022-08-20 23:58:17 --> Controller "App\Controllers\base\Beranda" loaded.
