INFO - 2022-08-21 00:07:36 --> Controller "App\Controllers\base\Beranda" loaded.
INFO - 2022-08-21 00:13:57 --> Controller "App\Controllers\base\Beranda" loaded.
INFO - 2022-08-21 00:14:00 --> Controller "App\Controllers\base\Beranda" loaded.
INFO - 2022-08-21 00:14:02 --> Controller "App\Controllers\base\Beranda" loaded.
INFO - 2022-08-21 00:33:58 --> Controller "App\Controllers\base\Beranda" loaded.
INFO - 2022-08-21 00:34:43 --> Controller "App\Controllers\base\Beranda" loaded.
INFO - 2022-08-21 01:03:34 --> Controller "App\Controllers\base\Beranda" loaded.
INFO - 2022-08-21 01:33:43 --> Controller "App\Controllers\base\Beranda" loaded.
INFO - 2022-08-21 02:04:14 --> Controller "App\Controllers\base\Beranda" loaded.
INFO - 2022-08-21 02:33:49 --> Controller "App\Controllers\base\Beranda" loaded.
INFO - 2022-08-21 02:53:43 --> Controller "App\Controllers\base\Beranda" loaded.
INFO - 2022-08-21 02:53:53 --> Controller "App\Controllers\base\Beranda" loaded.
INFO - 2022-08-21 03:03:28 --> Controller "App\Controllers\base\Beranda" loaded.
INFO - 2022-08-21 03:33:24 --> Controller "App\Controllers\base\Beranda" loaded.
INFO - 2022-08-21 04:03:25 --> Controller "App\Controllers\base\Beranda" loaded.
INFO - 2022-08-21 04:13:17 --> Controller "App\Controllers\base\Beranda" loaded.
INFO - 2022-08-21 04:33:18 --> Controller "App\Controllers\base\Beranda" loaded.
INFO - 2022-08-21 05:03:16 --> Controller "App\Controllers\base\Beranda" loaded.
INFO - 2022-08-21 05:33:25 --> Controller "App\Controllers\base\Beranda" loaded.
INFO - 2022-08-21 05:52:52 --> Controller "App\Controllers\base\Beranda" loaded.
INFO - 2022-08-21 05:53:09 --> Controller "App\Controllers\base\Beranda" loaded.
INFO - 2022-08-21 06:04:07 --> Controller "App\Controllers\base\Beranda" loaded.
INFO - 2022-08-21 06:04:32 --> Controller "App\Controllers\base\Beranda" loaded.
INFO - 2022-08-21 06:04:59 --> Controller "App\Controllers\base\Beranda" loaded.
INFO - 2022-08-21 06:33:15 --> Controller "App\Controllers\base\Beranda" loaded.
INFO - 2022-08-21 07:03:35 --> Controller "App\Controllers\base\Beranda" loaded.
INFO - 2022-08-21 07:15:15 --> Controller "App\Controllers\base\Beranda" loaded.
INFO - 2022-08-21 07:33:26 --> Controller "App\Controllers\base\Beranda" loaded.
INFO - 2022-08-21 08:03:41 --> Controller "App\Controllers\base\Beranda" loaded.
INFO - 2022-08-21 08:33:20 --> Controller "App\Controllers\base\Beranda" loaded.
INFO - 2022-08-21 08:52:08 --> Controller "App\Controllers\base\Beranda" loaded.
INFO - 2022-08-21 08:52:17 --> Controller "App\Controllers\base\Beranda" loaded.
INFO - 2022-08-21 09:03:12 --> Controller "App\Controllers\base\Beranda" loaded.
INFO - 2022-08-21 09:13:50 --> Session: Class initialized using 'CodeIgniter\Session\Handlers\FileHandler' driver.
INFO - 2022-08-21 09:13:50 --> Controller "App\Controllers\base\Dashboard" loaded.
INFO - 2022-08-21 09:26:36 --> Session: Class initialized using 'CodeIgniter\Session\Handlers\FileHandler' driver.
INFO - 2022-08-21 09:26:36 --> Controller "App\Controllers\base\Dashboard" loaded.
INFO - 2022-08-21 09:27:25 --> Session: Class initialized using 'CodeIgniter\Session\Handlers\FileHandler' driver.
INFO - 2022-08-21 09:27:26 --> Controller "App\Controllers\base\Dashboard" loaded.
INFO - 2022-08-21 09:27:45 --> Session: Class initialized using 'CodeIgniter\Session\Handlers\FileHandler' driver.
INFO - 2022-08-21 09:27:45 --> Controller "App\Controllers\base\Dashboard" loaded.
INFO - 2022-08-21 09:27:45 --> Session: Class initialized using 'CodeIgniter\Session\Handlers\FileHandler' driver.
INFO - 2022-08-21 09:27:45 --> Controller "App\Controllers\base\Dashboard" loaded.
INFO - 2022-08-21 09:28:09 --> Session: Class initialized using 'CodeIgniter\Session\Handlers\FileHandler' driver.
INFO - 2022-08-21 09:28:09 --> Controller "App\Controllers\base\Dashboard" loaded.
INFO - 2022-08-21 09:33:13 --> Controller "App\Controllers\base\Beranda" loaded.
INFO - 2022-08-21 09:40:57 --> Controller "App\Controllers\base\Beranda" loaded.
INFO - 2022-08-21 09:40:59 --> Controller "App\Controllers\base\Beranda" loaded.
INFO - 2022-08-21 09:41:59 --> Controller "App\Controllers\base\Beranda" loaded.
INFO - 2022-08-21 10:01:53 --> Controller "App\Controllers\base\Beranda" loaded.
INFO - 2022-08-21 10:01:55 --> Controller "App\Controllers\base\Beranda" loaded.
INFO - 2022-08-21 10:03:18 --> Controller "App\Controllers\base\Beranda" loaded.
INFO - 2022-08-21 10:16:08 --> Controller "App\Controllers\base\Beranda" loaded.
INFO - 2022-08-21 10:16:34 --> Session: Class initialized using 'CodeIgniter\Session\Handlers\FileHandler' driver.
INFO - 2022-08-21 10:16:34 --> Controller "App\Controllers\base\Order" loaded.
INFO - 2022-08-21 10:16:34 --> Controller "App\Controllers\base\Beranda" loaded.
INFO - 2022-08-21 10:16:47 --> Session: Class initialized using 'CodeIgniter\Session\Handlers\FileHandler' driver.
INFO - 2022-08-21 10:16:47 --> Controller "App\Controllers\base\Order" loaded.
INFO - 2022-08-21 10:17:03 --> Controller "App\Controllers\base\Beranda" loaded.
INFO - 2022-08-21 10:33:24 --> Controller "App\Controllers\base\Beranda" loaded.
INFO - 2022-08-21 11:03:11 --> Controller "App\Controllers\base\Beranda" loaded.
INFO - 2022-08-21 11:33:17 --> Controller "App\Controllers\base\Beranda" loaded.
INFO - 2022-08-21 11:51:28 --> Controller "App\Controllers\base\Beranda" loaded.
INFO - 2022-08-21 11:51:37 --> Controller "App\Controllers\base\Beranda" loaded.
INFO - 2022-08-21 12:03:26 --> Controller "App\Controllers\base\Beranda" loaded.
INFO - 2022-08-21 12:27:58 --> Controller "App\Controllers\base\Beranda" loaded.
INFO - 2022-08-21 12:33:31 --> Controller "App\Controllers\base\Beranda" loaded.
INFO - 2022-08-21 13:03:12 --> Controller "App\Controllers\base\Beranda" loaded.
INFO - 2022-08-21 13:33:25 --> Controller "App\Controllers\base\Beranda" loaded.
INFO - 2022-08-21 14:03:17 --> Controller "App\Controllers\base\Beranda" loaded.
INFO - 2022-08-21 14:33:30 --> Controller "App\Controllers\base\Beranda" loaded.
INFO - 2022-08-21 14:57:43 --> Controller "App\Controllers\base\Beranda" loaded.
INFO - 2022-08-21 14:57:52 --> Controller "App\Controllers\base\Beranda" loaded.
INFO - 2022-08-21 15:03:20 --> Controller "App\Controllers\base\Beranda" loaded.
INFO - 2022-08-21 15:17:27 --> Controller "App\Controllers\base\Beranda" loaded.
INFO - 2022-08-21 15:33:32 --> Controller "App\Controllers\base\Beranda" loaded.
INFO - 2022-08-21 15:33:34 --> Controller "App\Controllers\base\Beranda" loaded.
INFO - 2022-08-21 15:56:21 --> Controller "App\Controllers\base\Beranda" loaded.
INFO - 2022-08-21 15:57:57 --> Controller "App\Controllers\base\Beranda" loaded.
INFO - 2022-08-21 15:58:06 --> Controller "App\Controllers\base\Beranda" loaded.
INFO - 2022-08-21 16:03:38 --> Controller "App\Controllers\base\Beranda" loaded.
INFO - 2022-08-21 16:20:09 --> Controller "App\Controllers\base\Beranda" loaded.
INFO - 2022-08-21 16:20:16 --> Session: Class initialized using 'CodeIgniter\Session\Handlers\FileHandler' driver.
INFO - 2022-08-21 16:20:16 --> Controller "App\Controllers\base\Dashboard" loaded.
INFO - 2022-08-21 16:20:21 --> Session: Class initialized using 'CodeIgniter\Session\Handlers\FileHandler' driver.
INFO - 2022-08-21 16:20:21 --> Controller "App\Controllers\admin\Admin" loaded.
INFO - 2022-08-21 16:20:21 --> Session: Class initialized using 'CodeIgniter\Session\Handlers\FileHandler' driver.
INFO - 2022-08-21 16:20:21 --> Controller "App\Controllers\admin\Admin" loaded.
INFO - 2022-08-21 16:20:25 --> Session: Class initialized using 'CodeIgniter\Session\Handlers\FileHandler' driver.
INFO - 2022-08-21 16:20:25 --> Controller "App\Controllers\admin\Admin" loaded.
INFO - 2022-08-21 16:20:25 --> Session: Class initialized using 'CodeIgniter\Session\Handlers\FileHandler' driver.
INFO - 2022-08-21 16:20:25 --> Controller "App\Controllers\admin\Admin" loaded.
INFO - 2022-08-21 16:20:33 --> Session: Class initialized using 'CodeIgniter\Session\Handlers\FileHandler' driver.
INFO - 2022-08-21 16:20:33 --> Controller "App\Controllers\admin\Admin" loaded.
INFO - 2022-08-21 16:20:52 --> Session: Class initialized using 'CodeIgniter\Session\Handlers\FileHandler' driver.
INFO - 2022-08-21 16:20:52 --> Controller "App\Controllers\admin\Admin" loaded.
INFO - 2022-08-21 16:33:22 --> Controller "App\Controllers\base\Beranda" loaded.
INFO - 2022-08-21 17:03:27 --> Controller "App\Controllers\base\Beranda" loaded.
INFO - 2022-08-21 17:06:32 --> Session: Class initialized using 'CodeIgniter\Session\Handlers\FileHandler' driver.
INFO - 2022-08-21 17:06:32 --> Controller "App\Controllers\admin\Admin" loaded.
INFO - 2022-08-21 17:33:36 --> Controller "App\Controllers\base\Beranda" loaded.
INFO - 2022-08-21 17:51:48 --> Controller "App\Controllers\base\Beranda" loaded.
INFO - 2022-08-21 17:51:57 --> Controller "App\Controllers\base\Beranda" loaded.
INFO - 2022-08-21 18:03:31 --> Controller "App\Controllers\base\Beranda" loaded.
INFO - 2022-08-21 18:33:27 --> Controller "App\Controllers\base\Beranda" loaded.
INFO - 2022-08-21 19:03:23 --> Controller "App\Controllers\base\Beranda" loaded.
INFO - 2022-08-21 19:33:15 --> Controller "App\Controllers\base\Beranda" loaded.
INFO - 2022-08-21 19:58:59 --> Controller "App\Controllers\base\Beranda" loaded.
INFO - 2022-08-21 20:03:44 --> Controller "App\Controllers\base\Beranda" loaded.
INFO - 2022-08-21 20:05:12 --> Controller "App\Controllers\base\Beranda" loaded.
INFO - 2022-08-21 20:33:25 --> Controller "App\Controllers\base\Beranda" loaded.
INFO - 2022-08-21 20:55:20 --> Controller "App\Controllers\base\Beranda" loaded.
INFO - 2022-08-21 20:55:29 --> Controller "App\Controllers\base\Beranda" loaded.
INFO - 2022-08-21 21:03:23 --> Controller "App\Controllers\base\Beranda" loaded.
INFO - 2022-08-21 21:33:17 --> Controller "App\Controllers\base\Beranda" loaded.
INFO - 2022-08-21 22:03:20 --> Controller "App\Controllers\base\Beranda" loaded.
INFO - 2022-08-21 22:33:18 --> Controller "App\Controllers\base\Beranda" loaded.
INFO - 2022-08-21 23:03:34 --> Controller "App\Controllers\base\Beranda" loaded.
INFO - 2022-08-21 23:33:26 --> Controller "App\Controllers\base\Beranda" loaded.
INFO - 2022-08-21 23:33:46 --> Controller "App\Controllers\base\Beranda" loaded.
INFO - 2022-08-21 23:38:08 --> Controller "App\Controllers\base\Beranda" loaded.
INFO - 2022-08-21 23:54:14 --> Controller "App\Controllers\base\Beranda" loaded.
INFO - 2022-08-21 23:54:37 --> Controller "App\Controllers\base\Beranda" loaded.
